<?xml version="1.0" encoding="UTF-8" ?>
<testsuite failures="0" time="0.835" errors="0" skipped="0" tests="1" name="RunnerTest">
  <properties>
    <property name="java.runtime.name" value="Java(TM) SE Runtime Environment"/>
    <property name="sun.boot.library.path" value="/opt/java/jdk1.7.0_51/jre/lib/amd64"/>
    <property name="java.vm.version" value="24.51-b03"/>
    <property name="java.vm.vendor" value="Oracle Corporation"/>
    <property name="java.vendor.url" value="http://java.oracle.com/"/>
    <property name="path.separator" value=":"/>
    <property name="java.vm.name" value="Java HotSpot(TM) 64-Bit Server VM"/>
    <property name="file.encoding.pkg" value="sun.io"/>
    <property name="user.country" value="US"/>
    <property name="sun.java.launcher" value="SUN_STANDARD"/>
    <property name="sun.os.patch.level" value="unknown"/>
    <property name="java.vm.specification.name" value="Java Virtual Machine Specification"/>
    <property name="user.dir" value="/home/developer/work/automation-training"/>
    <property name="java.runtime.version" value="1.7.0_51-b13"/>
    <property name="java.awt.graphicsenv" value="sun.awt.X11GraphicsEnvironment"/>
    <property name="basedir" value="/home/developer/work/automation-training"/>
    <property name="java.endorsed.dirs" value="/opt/java/jdk1.7.0_51/jre/lib/endorsed"/>
    <property name="os.arch" value="amd64"/>
    <property name="surefire.real.class.path" value="/home/developer/work/automation-training/target/surefire/surefirebooter2060543769284436601.jar"/>
    <property name="java.io.tmpdir" value="/tmp"/>
    <property name="line.separator" value="
"/>
    <property name="java.vm.specification.vendor" value="Oracle Corporation"/>
    <property name="os.name" value="Linux"/>
    <property name="sun.jnu.encoding" value="UTF-8"/>
    <property name="java.library.path" value="/opt/iona/asp6.3.4/shlib:/opt/iona/asp6.3.4/shlib/default:/opt/iona/asp6.3.4/shlib/lib64:/opt/iona/asp6.3.4/shlib/default/lib64:/opt/java/java-6-openjdk/jre/lib/i386:/opt/java/java-6-openjdk/jre/lib/i386/server::/home/developer/instantclient_11_2:/usr/java/packages/lib/amd64:/usr/lib64:/lib64:/lib:/usr/lib"/>
    <property name="surefire.test.class.path" value="/home/developer/work/automation-training/target/test-classes:/home/developer/work/automation-training/target/classes:/developer/mavenRepo/org/seleniumhq/selenium/selenium-java/2.53.0/selenium-java-2.53.0.jar:/developer/mavenRepo/org/seleniumhq/selenium/selenium-chrome-driver/2.53.0/selenium-chrome-driver-2.53.0.jar:/developer/mavenRepo/org/seleniumhq/selenium/selenium-remote-driver/2.53.0/selenium-remote-driver-2.53.0.jar:/developer/mavenRepo/cglib/cglib-nodep/2.1_3/cglib-nodep-2.1_3.jar:/developer/mavenRepo/com/google/code/gson/gson/2.3.1/gson-2.3.1.jar:/developer/mavenRepo/org/seleniumhq/selenium/selenium-api/2.53.0/selenium-api-2.53.0.jar:/developer/mavenRepo/org/apache/httpcomponents/httpclient/4.5.1/httpclient-4.5.1.jar:/developer/mavenRepo/org/apache/httpcomponents/httpcore/4.4.3/httpcore-4.4.3.jar:/developer/mavenRepo/commons-logging/commons-logging/1.2/commons-logging-1.2.jar:/developer/mavenRepo/commons-codec/commons-codec/1.9/commons-codec-1.9.jar:/developer/mavenRepo/com/google/guava/guava/19.0/guava-19.0.jar:/developer/mavenRepo/org/seleniumhq/selenium/selenium-edge-driver/2.53.0/selenium-edge-driver-2.53.0.jar:/developer/mavenRepo/org/apache/commons/commons-exec/1.3/commons-exec-1.3.jar:/developer/mavenRepo/org/seleniumhq/selenium/selenium-firefox-driver/2.53.0/selenium-firefox-driver-2.53.0.jar:/developer/mavenRepo/org/seleniumhq/selenium/selenium-ie-driver/2.53.0/selenium-ie-driver-2.53.0.jar:/developer/mavenRepo/net/java/dev/jna/jna/4.1.0/jna-4.1.0.jar:/developer/mavenRepo/net/java/dev/jna/jna-platform/4.1.0/jna-platform-4.1.0.jar:/developer/mavenRepo/org/seleniumhq/selenium/selenium-safari-driver/2.53.0/selenium-safari-driver-2.53.0.jar:/developer/mavenRepo/io/netty/netty/3.5.7.Final/netty-3.5.7.Final.jar:/developer/mavenRepo/org/seleniumhq/selenium/selenium-support/2.53.0/selenium-support-2.53.0.jar:/developer/mavenRepo/org/seleniumhq/selenium/selenium-leg-rc/2.53.0/selenium-leg-rc-2.53.0.jar:/developer/mavenRepo/org/jbehave/jbehave-core/4.0.2/jbehave-core-4.0.2.jar:/developer/mavenRepo/org/hamcrest/hamcrest-core/1.3/hamcrest-core-1.3.jar:/developer/mavenRepo/org/hamcrest/hamcrest-library/1.3/hamcrest-library-1.3.jar:/developer/mavenRepo/org/hamcrest/hamcrest-integration/1.3/hamcrest-integration-1.3.jar:/developer/mavenRepo/commons-collections/commons-collections/3.2.1/commons-collections-3.2.1.jar:/developer/mavenRepo/commons-io/commons-io/2.4/commons-io-2.4.jar:/developer/mavenRepo/commons-lang/commons-lang/2.6/commons-lang-2.6.jar:/developer/mavenRepo/org/codehaus/plexus/plexus-utils/3.0.10/plexus-utils-3.0.10.jar:/developer/mavenRepo/org/freemarker/freemarker/2.3.20/freemarker-2.3.20.jar:/developer/mavenRepo/com/thoughtworks/paranamer/paranamer/2.4/paranamer-2.4.jar:/developer/mavenRepo/com/thoughtworks/xstream/xstream/1.4.7/xstream-1.4.7.jar:/developer/mavenRepo/xmlpull/xmlpull/1.1.3.1/xmlpull-1.1.3.1.jar:/developer/mavenRepo/xpp3/xpp3_min/1.1.4c/xpp3_min-1.1.4c.jar:/developer/mavenRepo/junit/junit/4.4/junit-4.4.jar:"/>
    <property name="java.specification.name" value="Java Platform API Specification"/>
    <property name="java.class.version" value="51.0"/>
    <property name="sun.management.compiler" value="HotSpot 64-Bit Tiered Compilers"/>
    <property name="os.version" value="3.13.0-93-generic"/>
    <property name="user.home" value="/home/developer"/>
    <property name="user.timezone" value="America/Chicago"/>
    <property name="java.awt.printerjob" value="sun.print.PSPrinterJob"/>
    <property name="file.encoding" value="UTF-8"/>
    <property name="java.specification.version" value="1.7"/>
    <property name="user.name" value="developer"/>
    <property name="java.class.path" value="/home/developer/work/automation-training/target/test-classes:/home/developer/work/automation-training/target/classes:/developer/mavenRepo/org/seleniumhq/selenium/selenium-java/2.53.0/selenium-java-2.53.0.jar:/developer/mavenRepo/org/seleniumhq/selenium/selenium-chrome-driver/2.53.0/selenium-chrome-driver-2.53.0.jar:/developer/mavenRepo/org/seleniumhq/selenium/selenium-remote-driver/2.53.0/selenium-remote-driver-2.53.0.jar:/developer/mavenRepo/cglib/cglib-nodep/2.1_3/cglib-nodep-2.1_3.jar:/developer/mavenRepo/com/google/code/gson/gson/2.3.1/gson-2.3.1.jar:/developer/mavenRepo/org/seleniumhq/selenium/selenium-api/2.53.0/selenium-api-2.53.0.jar:/developer/mavenRepo/org/apache/httpcomponents/httpclient/4.5.1/httpclient-4.5.1.jar:/developer/mavenRepo/org/apache/httpcomponents/httpcore/4.4.3/httpcore-4.4.3.jar:/developer/mavenRepo/commons-logging/commons-logging/1.2/commons-logging-1.2.jar:/developer/mavenRepo/commons-codec/commons-codec/1.9/commons-codec-1.9.jar:/developer/mavenRepo/com/google/guava/guava/19.0/guava-19.0.jar:/developer/mavenRepo/org/seleniumhq/selenium/selenium-edge-driver/2.53.0/selenium-edge-driver-2.53.0.jar:/developer/mavenRepo/org/apache/commons/commons-exec/1.3/commons-exec-1.3.jar:/developer/mavenRepo/org/seleniumhq/selenium/selenium-firefox-driver/2.53.0/selenium-firefox-driver-2.53.0.jar:/developer/mavenRepo/org/seleniumhq/selenium/selenium-ie-driver/2.53.0/selenium-ie-driver-2.53.0.jar:/developer/mavenRepo/net/java/dev/jna/jna/4.1.0/jna-4.1.0.jar:/developer/mavenRepo/net/java/dev/jna/jna-platform/4.1.0/jna-platform-4.1.0.jar:/developer/mavenRepo/org/seleniumhq/selenium/selenium-safari-driver/2.53.0/selenium-safari-driver-2.53.0.jar:/developer/mavenRepo/io/netty/netty/3.5.7.Final/netty-3.5.7.Final.jar:/developer/mavenRepo/org/seleniumhq/selenium/selenium-support/2.53.0/selenium-support-2.53.0.jar:/developer/mavenRepo/org/seleniumhq/selenium/selenium-leg-rc/2.53.0/selenium-leg-rc-2.53.0.jar:/developer/mavenRepo/org/jbehave/jbehave-core/4.0.2/jbehave-core-4.0.2.jar:/developer/mavenRepo/org/hamcrest/hamcrest-core/1.3/hamcrest-core-1.3.jar:/developer/mavenRepo/org/hamcrest/hamcrest-library/1.3/hamcrest-library-1.3.jar:/developer/mavenRepo/org/hamcrest/hamcrest-integration/1.3/hamcrest-integration-1.3.jar:/developer/mavenRepo/commons-collections/commons-collections/3.2.1/commons-collections-3.2.1.jar:/developer/mavenRepo/commons-io/commons-io/2.4/commons-io-2.4.jar:/developer/mavenRepo/commons-lang/commons-lang/2.6/commons-lang-2.6.jar:/developer/mavenRepo/org/codehaus/plexus/plexus-utils/3.0.10/plexus-utils-3.0.10.jar:/developer/mavenRepo/org/freemarker/freemarker/2.3.20/freemarker-2.3.20.jar:/developer/mavenRepo/com/thoughtworks/paranamer/paranamer/2.4/paranamer-2.4.jar:/developer/mavenRepo/com/thoughtworks/xstream/xstream/1.4.7/xstream-1.4.7.jar:/developer/mavenRepo/xmlpull/xmlpull/1.1.3.1/xmlpull-1.1.3.1.jar:/developer/mavenRepo/xpp3/xpp3_min/1.1.4c/xpp3_min-1.1.4c.jar:/developer/mavenRepo/junit/junit/4.4/junit-4.4.jar:"/>
    <property name="java.vm.specification.version" value="1.7"/>
    <property name="sun.arch.data.model" value="64"/>
    <property name="java.home" value="/opt/java/jdk1.7.0_51/jre"/>
    <property name="sun.java.command" value="/home/developer/work/automation-training/target/surefire/surefirebooter2060543769284436601.jar /home/developer/work/automation-training/target/surefire/surefire8592572900389188451tmp /home/developer/work/automation-training/target/surefire/surefire1243971587270910971tmp"/>
    <property name="java.specification.vendor" value="Oracle Corporation"/>
    <property name="user.language" value="en"/>
    <property name="awt.toolkit" value="sun.awt.X11.XToolkit"/>
    <property name="java.vm.info" value="mixed mode"/>
    <property name="java.version" value="1.7.0_51"/>
    <property name="java.ext.dirs" value="/opt/java/jdk1.7.0_51/jre/lib/ext:/usr/java/packages/lib/ext"/>
    <property name="sun.boot.class.path" value="/opt/java/jdk1.7.0_51/jre/lib/resources.jar:/opt/java/jdk1.7.0_51/jre/lib/rt.jar:/opt/java/jdk1.7.0_51/jre/lib/sunrsasign.jar:/opt/java/jdk1.7.0_51/jre/lib/jsse.jar:/opt/java/jdk1.7.0_51/jre/lib/jce.jar:/opt/java/jdk1.7.0_51/jre/lib/charsets.jar:/opt/java/jdk1.7.0_51/jre/lib/jfr.jar:/opt/java/jdk1.7.0_51/jre/classes"/>
    <property name="java.vendor" value="Oracle Corporation"/>
    <property name="localRepository" value="/developer/mavenRepo"/>
    <property name="file.separator" value="/"/>
    <property name="java.vendor.url.bug" value="http://bugreport.sun.com/bugreport/"/>
    <property name="sun.cpu.endian" value="little"/>
    <property name="sun.io.unicode.encoding" value="UnicodeLittle"/>
    <property name="sun.desktop" value="gnome"/>
    <property name="sun.cpu.isalist" value=""/>
  </properties>
  <testcase time="0.801" classname="RunnerTest" name="run"/>
</testsuite>